[debug] [2021-08-16T13:13:40.520Z] ----------------------------------------------------------------------
[debug] [2021-08-16T13:13:40.521Z] Command:       /usr/bin/node /usr/bin/firebase init
[debug] [2021-08-16T13:13:40.521Z] CLI Version:   9.16.5
[debug] [2021-08-16T13:13:40.521Z] Platform:      linux
[debug] [2021-08-16T13:13:40.521Z] Node Version:  v12.22.5
[debug] [2021-08-16T13:13:40.522Z] Time:          Mon Aug 16 2021 15:13:40 GMT+0200 (South Africa Standard Time)
[debug] [2021-08-16T13:13:40.522Z] ----------------------------------------------------------------------
[debug] 
[debug] [2021-08-16T13:13:40.526Z] > command requires scopes: ["email","openid","https://www.googleapis.com/auth/cloudplatformprojects.readonly","https://www.googleapis.com/auth/firebase","https://www.googleapis.com/auth/cloud-platform"]
[debug] [2021-08-16T13:13:40.526Z] > authorizing via signed-in user (vestanassone@gmail.com)
[info] 
     ######## #### ########  ######## ########     ###     ######  ########
     ##        ##  ##     ## ##       ##     ##  ##   ##  ##       ##
     ######    ##  ########  ######   ########  #########  ######  ######
     ##        ##  ##    ##  ##       ##     ## ##     ##       ## ##
     ##       #### ##     ## ######## ########  ##     ##  ######  ########

You're about to initialize a Firebase project in this directory:

  /home/benzo/Desktop/React/my-portfolio-website

[info] 
=== Project Setup
[info] 
[info] First, let's associate this project directory with a Firebase project.
[info] You can create multiple project aliases by running firebase use --add, 
[info] but for now we'll just set up a default project.
[info] 
[debug] [2021-08-16T13:13:58.137Z] >>> [apiv2][query] GET https://firebase.googleapis.com/v1beta1/projects pageSize=100
[debug] [2021-08-16T13:13:59.018Z] <<< [apiv2][status] GET https://firebase.googleapis.com/v1beta1/projects 200
[debug] [2021-08-16T13:13:59.018Z] <<< [apiv2][body] GET https://firebase.googleapis.com/v1beta1/projects [omitted]
[info] i  Using project vestanassone-portfolio (My Portfolio Website) 
[info] 
=== Hosting Setup
[info] 
[info] Your public directory is the folder (relative to your project directory) that
[info] will contain Hosting assets to be uploaded with firebase deploy. If you
[info] have a build process for your assets, use your build's output directory.
[info] 
[info] ✔  Wrote build/404.html 
[debug] [2021-08-16T13:14:43.165Z] >>> [apiv2][query] GET https://www.gstatic.com/firebasejs/releases.json [none]
